[0130/134516.451:WARNING:backend_impl.cc(1837)] Destroying invalid entry.
[0130/134516.463:ERROR:backend_impl.cc(1041)] Critical error found -8
[0130/134516.484:WARNING:storage_block-inl.h(146)] Failed data load.
[0130/134516.484:WARNING:storage_block-inl.h(146)] Failed data load.
[0130/134516.484:ERROR:entry_impl.cc(1075)] No file for c1030004
[0130/134516.484:WARNING:storage_block-inl.h(146)] Failed data load.
[0130/134516.484:WARNING:storage_block-inl.h(146)] Failed data load.
[0130/134516.484:WARNING:storage_block-inl.h(146)] Failed data load.
[0130/134516.484:WARNING:storage_block-inl.h(146)] Failed data load.
[0130/134516.484:ERROR:entry_impl.cc(1075)] No file for c1030000
[0130/134516.484:WARNING:storage_block-inl.h(146)] Failed data load.
[0130/134516.484:WARNING:storage_block-inl.h(146)] Failed data load.
[0130/134516.761:ERROR:entry_impl.cc(998)] Failed to save user data
[0130/134516.761:ERROR:entry_impl.cc(998)] Failed to save user data
[0130/134714.507:ERROR:gpu_init.cc(426)] Passthrough is not supported, GL is disabled
[0130/181454.363:ERROR:cache_util_win.cc(20)] Unable to move the cache: Отказано в доступе. (0x5)
[0130/181454.364:ERROR:cache_util.cc(144)] Unable to move cache folder D:/unrealengineprojects/Samurai_jam/Samurai_jam_project/Saved/webcache_4430\Cache to D:/unrealengineprojects/Samurai_jam/Samurai_jam_project/Saved/webcache_4430\old_Cache_000
[0130/181454.364:ERROR:disk_cache.cc(184)] Unable to create cache
[0130/181511.110:WARNING:value_store_frontend.cc(45)] Reading mhjfbmdgcfjbbpaeojofohoefgiehjai.alarms from  failed: IO error: .../LOCK: File currently in use. (ChromeMethodBFE: 15::LockFile::2)
[0130/181650.106:ERROR:gpu_init.cc(426)] Passthrough is not supported, GL is disabled
